2026-06-13 13:30:03 gepubliceerd: hondentrimsalonscott
2026-06-13 13:30:03 caddy herladen (d5c1374bdd8396cfbbcd6f6a2ebf087dfa327fbb)
2026-06-13 13:45:02 gepubliceerd: hondentrimsalonscott
2026-06-13 13:45:02 caddy herladen (c36558c58b6b268fa371bee834463926936a0163)
2026-06-13 14:15:02 gepubliceerd: hondentrimsalonscott
2026-06-13 15:15:03 gepubliceerd: hondentrimsalonscott
2026-06-13 15:15:03 dashboard gesynchroniseerd
2026-06-13 15:15:03 onboarding gesynchroniseerd
2026-06-13 15:15:03 caddy herladen (52354a54f52536e0df3450afe6b96067bc2ca4f6)
2026-06-13 15:30:03 Caddy-blok toegevoegd: bemellow
2026-06-13 15:30:03 gepubliceerd: bemellow
2026-06-13 15:30:03 Caddy-blok toegevoegd: bonita
2026-06-13 15:30:03 gepubliceerd: bonita
2026-06-13 15:30:03 Caddy-blok toegevoegd: didis
2026-06-13 15:30:03 gepubliceerd: didis
2026-06-13 15:30:03 Caddy-blok toegevoegd: does
2026-06-13 15:30:03 gepubliceerd: does
2026-06-13 15:30:03 Caddy-blok toegevoegd: doggroomer
2026-06-13 15:30:03 gepubliceerd: doggroomer
2026-06-13 15:30:03 Caddy-blok toegevoegd: dogsalon-mila
2026-06-13 15:30:03 gepubliceerd: dogsalon-mila
2026-06-13 15:30:03 Caddy-blok toegevoegd: hond-en-welzijn
2026-06-13 15:30:03 gepubliceerd: hond-en-welzijn
2026-06-13 15:30:03 gepubliceerd: hondentrimsalonscott
2026-06-13 15:30:03 Caddy-blok toegevoegd: jokes
2026-06-13 15:30:03 gepubliceerd: jokes
2026-06-13 15:30:03 Caddy-blok toegevoegd: just4dogs
2026-06-13 15:30:03 gepubliceerd: just4dogs
2026-06-13 15:30:03 Caddy-blok toegevoegd: knappe-snuitje
2026-06-13 15:30:03 gepubliceerd: knappe-snuitje
2026-06-13 15:30:03 Caddy-blok toegevoegd: kwispel
2026-06-13 15:30:03 gepubliceerd: kwispel
2026-06-13 15:30:03 Caddy-blok toegevoegd: lynns
2026-06-13 15:30:03 gepubliceerd: lynns
2026-06-13 15:30:03 Caddy-blok toegevoegd: mooie-hondjes
2026-06-13 15:30:03 gepubliceerd: mooie-hondjes
2026-06-13 15:30:04 Caddy-blok toegevoegd: peter-rijswijk
2026-06-13 15:30:04 gepubliceerd: peter-rijswijk
2026-06-13 15:30:04 Caddy-blok toegevoegd: rox
2026-06-13 15:30:04 gepubliceerd: rox
2026-06-13 15:30:04 Caddy-blok toegevoegd: spadogs
2026-06-13 15:30:04 gepubliceerd: spadogs
2026-06-13 15:30:04 Caddy-blok toegevoegd: sunshine
2026-06-13 15:30:04 gepubliceerd: sunshine
2026-06-13 15:30:04 Caddy-blok toegevoegd: tammys
2026-06-13 15:30:04 gepubliceerd: tammys
2026-06-13 15:30:04 Caddy-blok toegevoegd: trimsalon-agnes
2026-06-13 15:30:04 gepubliceerd: trimsalon-agnes
2026-06-13 15:30:04 Caddy-blok toegevoegd: trimsalon-eindhoven
2026-06-13 15:30:04 gepubliceerd: trimsalon-eindhoven
2026-06-13 15:30:04 Caddy-blok toegevoegd: trimsalon-elite
2026-06-13 15:30:04 gepubliceerd: trimsalon-elite
2026-06-13 15:30:04 Caddy-blok toegevoegd: trimsalon-oss
2026-06-13 15:30:04 gepubliceerd: trimsalon-oss
2026-06-13 15:30:04 Caddy-blok toegevoegd: van-kop-tot-staart
2026-06-13 15:30:04 gepubliceerd: van-kop-tot-staart
2026-06-13 15:30:04 Caddy-blok toegevoegd: wilma-van-der-meijs
2026-06-13 15:30:04 gepubliceerd: wilma-van-der-meijs
2026-06-13 15:30:04 dashboard gesynchroniseerd
2026-06-13 15:30:04 onboarding gesynchroniseerd
2026-06-13 15:30:04 caddy herladen (a2a85bb452ba6f3cfb9e96544f351cb282bcdf38)
2026-06-13 15:45:03 gepubliceerd: bemellow
2026-06-13 15:45:03 gepubliceerd: bonita
2026-06-13 15:45:03 gepubliceerd: didis
2026-06-13 15:45:03 gepubliceerd: does
2026-06-13 15:45:03 gepubliceerd: doggroomer
2026-06-13 15:45:03 gepubliceerd: dogsalon-mila
2026-06-13 15:45:03 gepubliceerd: hond-en-welzijn
2026-06-13 15:45:03 gepubliceerd: hondentrimsalonscott
2026-06-13 15:45:03 gepubliceerd: jokes
2026-06-13 15:45:03 gepubliceerd: just4dogs
2026-06-13 15:45:03 gepubliceerd: knappe-snuitje
2026-06-13 15:45:04 gepubliceerd: kwispel
2026-06-13 15:45:04 gepubliceerd: lynns
2026-06-13 15:45:04 gepubliceerd: mooie-hondjes
2026-06-13 15:45:04 gepubliceerd: peter-rijswijk
2026-06-13 15:45:04 gepubliceerd: rox
2026-06-13 15:45:04 gepubliceerd: spadogs
2026-06-13 15:45:04 gepubliceerd: sunshine
2026-06-13 15:45:04 gepubliceerd: tammys
2026-06-13 15:45:04 gepubliceerd: trimsalon-agnes
2026-06-13 15:45:04 gepubliceerd: trimsalon-eindhoven
2026-06-13 15:45:04 gepubliceerd: trimsalon-elite
2026-06-13 15:45:04 gepubliceerd: trimsalon-oss
2026-06-13 15:45:04 gepubliceerd: van-kop-tot-staart
2026-06-13 15:45:04 gepubliceerd: wilma-van-der-meijs
2026-06-13 15:45:04 dashboard gesynchroniseerd
2026-06-13 15:45:04 onboarding gesynchroniseerd
2026-06-13 15:45:04 caddy herladen (373e5989e533165889206269f632e1798a1aef7d)
2026-06-13 19:10:25 gepubliceerd: bemellow
2026-06-13 19:10:25 gepubliceerd: bonita
2026-06-13 19:10:25 gepubliceerd: didis
2026-06-13 19:10:25 gepubliceerd: does
2026-06-13 19:10:25 gepubliceerd: doggroomer
2026-06-13 19:10:25 gepubliceerd: dogsalon-mila
2026-06-13 19:10:25 gepubliceerd: hond-en-welzijn
2026-06-13 19:10:25 gepubliceerd: hondentrimsalonscott
2026-06-13 19:10:25 gepubliceerd: jokes
2026-06-13 19:10:25 gepubliceerd: just4dogs
2026-06-13 19:10:25 gepubliceerd: knappe-snuitje
2026-06-13 19:10:25 gepubliceerd: kwispel
2026-06-13 19:10:25 gepubliceerd: lynns
2026-06-13 19:10:25 gepubliceerd: mooie-hondjes
2026-06-13 19:10:25 gepubliceerd: peter-rijswijk
2026-06-13 19:10:25 gepubliceerd: rox
2026-06-13 19:10:25 gepubliceerd: spadogs
2026-06-13 19:10:25 gepubliceerd: sunshine
2026-06-13 19:10:25 gepubliceerd: tammys
2026-06-13 19:10:26 gepubliceerd: trimsalon-agnes
2026-06-13 19:10:26 gepubliceerd: trimsalon-eindhoven
2026-06-13 19:10:26 gepubliceerd: trimsalon-elite
2026-06-13 19:10:26 gepubliceerd: trimsalon-oss
2026-06-13 19:10:26 gepubliceerd: van-kop-tot-staart
2026-06-13 19:10:26 gepubliceerd: wilma-van-der-meijs
2026-06-13 19:10:26 dashboard gesynchroniseerd
2026-06-13 19:10:26 onboarding gesynchroniseerd
2026-06-13 19:10:26 caddy herladen (a8d046486e3bb4605d6e16fd66116256e63a5ef1)
2026-06-13 19:33:56 gepubliceerd: bemellow
2026-06-13 19:33:56 gepubliceerd: bonita
2026-06-13 19:33:56 gepubliceerd: didis
2026-06-13 19:33:56 gepubliceerd: does
2026-06-13 19:33:57 gepubliceerd: doggroomer
2026-06-13 19:33:57 gepubliceerd: dogsalon-mila
2026-06-13 19:33:57 gepubliceerd: hond-en-welzijn
2026-06-13 19:33:57 gepubliceerd: hondentrimsalonscott
2026-06-13 19:33:57 gepubliceerd: jokes
2026-06-13 19:33:57 gepubliceerd: just4dogs
2026-06-13 19:33:57 gepubliceerd: knappe-snuitje
2026-06-13 19:33:57 gepubliceerd: kwispel
2026-06-13 19:33:57 gepubliceerd: lynns
2026-06-13 19:33:57 gepubliceerd: mooie-hondjes
2026-06-13 19:33:57 gepubliceerd: peter-rijswijk
2026-06-13 19:33:57 gepubliceerd: rox
2026-06-13 19:33:57 gepubliceerd: spadogs
2026-06-13 19:33:57 gepubliceerd: sunshine
2026-06-13 19:33:57 gepubliceerd: tammys
2026-06-13 19:33:57 gepubliceerd: trimsalon-agnes
2026-06-13 19:33:57 gepubliceerd: trimsalon-eindhoven
2026-06-13 19:33:57 gepubliceerd: trimsalon-elite
2026-06-13 19:33:58 gepubliceerd: trimsalon-oss
2026-06-13 19:33:58 gepubliceerd: van-kop-tot-staart
2026-06-13 19:33:58 gepubliceerd: wilma-van-der-meijs
2026-06-13 19:33:58 dashboard gesynchroniseerd
2026-06-13 19:33:58 onboarding gesynchroniseerd
2026-06-13 19:33:58 caddy herladen (000b1e48650a21b0ce99ede034e1d8d361b6d23d)
2026-06-13 19:45:03 gepubliceerd: bemellow
2026-06-13 19:45:03 gepubliceerd: bonita
2026-06-13 19:45:03 gepubliceerd: didis
2026-06-13 19:45:03 gepubliceerd: does
2026-06-13 19:45:03 gepubliceerd: doggroomer
2026-06-13 19:45:03 gepubliceerd: dogsalon-mila
2026-06-13 19:45:03 gepubliceerd: hond-en-welzijn
2026-06-13 19:45:03 gepubliceerd: hondentrimsalonscott
2026-06-13 19:45:03 gepubliceerd: jokes
2026-06-13 19:45:03 gepubliceerd: just4dogs
2026-06-13 19:45:03 gepubliceerd: knappe-snuitje
2026-06-13 19:45:03 gepubliceerd: kwispel
2026-06-13 19:45:03 gepubliceerd: lynns
2026-06-13 19:45:03 gepubliceerd: mooie-hondjes
2026-06-13 19:45:03 gepubliceerd: peter-rijswijk
2026-06-13 19:45:03 gepubliceerd: rox
2026-06-13 19:45:04 gepubliceerd: spadogs
2026-06-13 19:45:04 gepubliceerd: sunshine
2026-06-13 19:45:04 gepubliceerd: tammys
2026-06-13 19:45:04 gepubliceerd: trimsalon-agnes
2026-06-13 19:45:04 gepubliceerd: trimsalon-eindhoven
2026-06-13 19:45:04 gepubliceerd: trimsalon-elite
2026-06-13 19:45:04 gepubliceerd: trimsalon-oss
2026-06-13 19:45:04 gepubliceerd: van-kop-tot-staart
2026-06-13 19:45:04 gepubliceerd: wilma-van-der-meijs
2026-06-13 19:45:04 dashboard gesynchroniseerd
2026-06-13 19:45:04 onboarding gesynchroniseerd
2026-06-13 19:45:04 caddy herladen (7078a82821c4fba52ff1a41e90fcbe07560b46df)
2026-06-13 20:15:03 gepubliceerd: bemellow
2026-06-13 20:15:03 gepubliceerd: bonita
2026-06-13 20:15:03 gepubliceerd: didis
2026-06-13 20:15:03 gepubliceerd: does
2026-06-13 20:15:03 gepubliceerd: doggroomer
2026-06-13 20:15:04 gepubliceerd: dogsalon-mila
2026-06-13 20:15:04 gepubliceerd: hond-en-welzijn
2026-06-13 20:15:04 gepubliceerd: hondentrimsalonscott
2026-06-13 20:15:04 gepubliceerd: jokes
2026-06-13 20:15:04 gepubliceerd: just4dogs
2026-06-13 20:15:04 gepubliceerd: knappe-snuitje
2026-06-13 20:15:04 gepubliceerd: kwispel
2026-06-13 20:15:04 gepubliceerd: lynns
2026-06-13 20:15:04 gepubliceerd: mooie-hondjes
2026-06-13 20:15:04 gepubliceerd: peter-rijswijk
2026-06-13 20:15:04 gepubliceerd: rox
2026-06-13 20:15:04 gepubliceerd: spadogs
2026-06-13 20:15:04 gepubliceerd: sunshine
2026-06-13 20:15:04 gepubliceerd: tammys
2026-06-13 20:15:04 gepubliceerd: trimsalon-agnes
2026-06-13 20:15:04 gepubliceerd: trimsalon-eindhoven
2026-06-13 20:15:04 gepubliceerd: trimsalon-elite
2026-06-13 20:15:04 gepubliceerd: trimsalon-oss
2026-06-13 20:15:04 gepubliceerd: van-kop-tot-staart
2026-06-13 20:15:04 gepubliceerd: wilma-van-der-meijs
2026-06-13 20:15:04 dashboard gesynchroniseerd
2026-06-13 20:15:05 onboarding gesynchroniseerd
2026-06-13 20:15:05 caddy herladen (a37009fc49d6b454240326276431e8a4139e6c4e)
2026-06-13 20:30:02 gepubliceerd: bemellow
2026-06-13 20:30:02 gepubliceerd: bonita
2026-06-13 20:30:02 gepubliceerd: didis
2026-06-13 20:30:02 gepubliceerd: does
2026-06-13 20:30:03 gepubliceerd: doggroomer
2026-06-13 20:30:03 gepubliceerd: dogsalon-mila
2026-06-13 20:30:03 gepubliceerd: hond-en-welzijn
2026-06-13 20:30:03 gepubliceerd: hondentrimsalonscott
2026-06-13 20:30:03 gepubliceerd: jokes
2026-06-13 20:30:03 gepubliceerd: just4dogs
2026-06-13 20:30:03 gepubliceerd: knappe-snuitje
2026-06-13 20:30:03 gepubliceerd: kwispel
2026-06-13 20:30:03 gepubliceerd: lynns
2026-06-13 20:30:03 gepubliceerd: mooie-hondjes
2026-06-13 20:30:03 gepubliceerd: peter-rijswijk
2026-06-13 20:30:03 gepubliceerd: rox
2026-06-13 20:30:03 gepubliceerd: spadogs
2026-06-13 20:30:03 gepubliceerd: sunshine
2026-06-13 20:30:03 gepubliceerd: tammys
2026-06-13 20:30:03 gepubliceerd: trimsalon-agnes
2026-06-13 20:30:03 gepubliceerd: trimsalon-eindhoven
2026-06-13 20:30:03 gepubliceerd: trimsalon-elite
2026-06-13 20:30:03 gepubliceerd: trimsalon-oss
2026-06-13 20:30:03 gepubliceerd: van-kop-tot-staart
2026-06-13 20:30:03 gepubliceerd: wilma-van-der-meijs
2026-06-13 20:30:04 dashboard gesynchroniseerd
2026-06-13 20:30:04 onboarding gesynchroniseerd
2026-06-13 20:30:04 caddy herladen (e4ebf0534672dafc572c28c8a6c030e0af3a59ef)
2026-06-13 20:36:12 gepubliceerd: bemellow
2026-06-13 20:36:12 gepubliceerd: bonita
2026-06-13 20:36:12 gepubliceerd: didis
2026-06-13 20:36:12 gepubliceerd: does
2026-06-13 20:36:12 gepubliceerd: doggroomer
2026-06-13 20:36:12 gepubliceerd: dogsalon-mila
2026-06-13 20:36:12 gepubliceerd: hond-en-welzijn
2026-06-13 20:36:12 gepubliceerd: hondentrimsalonscott
2026-06-13 20:36:12 gepubliceerd: jokes
2026-06-13 20:36:12 gepubliceerd: just4dogs
2026-06-13 20:36:13 gepubliceerd: knappe-snuitje
2026-06-13 20:36:13 gepubliceerd: kwispel
2026-06-13 20:36:13 gepubliceerd: lynns
2026-06-13 20:36:13 gepubliceerd: mooie-hondjes
2026-06-13 20:36:13 gepubliceerd: peter-rijswijk
2026-06-13 20:36:13 gepubliceerd: rox
2026-06-13 20:36:13 gepubliceerd: spadogs
2026-06-13 20:36:13 gepubliceerd: sunshine
2026-06-13 20:36:13 gepubliceerd: tammys
2026-06-13 20:36:13 gepubliceerd: trimsalon-agnes
2026-06-13 20:36:13 gepubliceerd: trimsalon-eindhoven
2026-06-13 20:36:13 gepubliceerd: trimsalon-elite
2026-06-13 20:36:13 gepubliceerd: trimsalon-oss
2026-06-13 20:36:13 gepubliceerd: van-kop-tot-staart
2026-06-13 20:36:13 gepubliceerd: wilma-van-der-meijs
2026-06-13 20:36:13 dashboard gesynchroniseerd
2026-06-13 20:36:13 onboarding gesynchroniseerd
2026-06-13 20:36:14 caddy herladen (11d6cb818478d93863325805208cab74e67258b5)
2026-06-13 20:45:02 gepubliceerd: bemellow
2026-06-13 20:45:02 gepubliceerd: bonita
2026-06-13 20:45:02 gepubliceerd: didis
2026-06-13 20:45:02 gepubliceerd: does
2026-06-13 20:45:02 gepubliceerd: doggroomer
2026-06-13 20:45:03 gepubliceerd: dogsalon-mila
2026-06-13 20:45:03 gepubliceerd: hond-en-welzijn
2026-06-13 20:45:03 gepubliceerd: hondentrimsalonscott
2026-06-13 20:45:03 gepubliceerd: jokes
2026-06-13 20:45:03 gepubliceerd: just4dogs
2026-06-13 20:45:03 gepubliceerd: knappe-snuitje
2026-06-13 20:45:03 gepubliceerd: kwispel
2026-06-13 20:45:03 gepubliceerd: lynns
2026-06-13 20:45:03 gepubliceerd: mooie-hondjes
2026-06-13 20:45:03 gepubliceerd: peter-rijswijk
2026-06-13 20:45:03 gepubliceerd: rox
2026-06-13 20:45:03 gepubliceerd: spadogs
2026-06-13 20:45:03 gepubliceerd: sunshine
2026-06-13 20:45:03 gepubliceerd: tammys
2026-06-13 20:45:03 gepubliceerd: trimsalon-agnes
2026-06-13 20:45:03 gepubliceerd: trimsalon-eindhoven
2026-06-13 20:45:03 gepubliceerd: trimsalon-elite
2026-06-13 20:45:03 gepubliceerd: trimsalon-oss
2026-06-13 20:45:03 gepubliceerd: van-kop-tot-staart
2026-06-13 20:45:03 gepubliceerd: wilma-van-der-meijs
2026-06-13 20:45:03 dashboard gesynchroniseerd
2026-06-13 20:45:03 onboarding gesynchroniseerd
2026-06-13 20:45:03 caddy herladen (45b5a03cdc6514a87346126ff0f75e1ffd66ef9e)
2026-06-13 21:30:03 gepubliceerd: bemellow
2026-06-13 21:30:03 gepubliceerd: bonita
2026-06-13 21:30:03 gepubliceerd: didis
2026-06-13 21:30:03 gepubliceerd: does
2026-06-13 21:30:03 gepubliceerd: doggroomer
2026-06-13 21:30:03 gepubliceerd: dogsalon-mila
2026-06-13 21:30:03 gepubliceerd: hond-en-welzijn
2026-06-13 21:30:03 gepubliceerd: hondentrimsalonscott
2026-06-13 21:30:03 gepubliceerd: jokes
2026-06-13 21:30:03 gepubliceerd: just4dogs
2026-06-13 21:30:03 gepubliceerd: knappe-snuitje
2026-06-13 21:30:03 gepubliceerd: kwispel
2026-06-13 21:30:03 gepubliceerd: lynns
2026-06-13 21:30:03 gepubliceerd: mooie-hondjes
2026-06-13 21:30:03 gepubliceerd: peter-rijswijk
2026-06-13 21:30:03 gepubliceerd: rox
2026-06-13 21:30:04 gepubliceerd: spadogs
2026-06-13 21:30:04 gepubliceerd: sunshine
2026-06-13 21:30:04 gepubliceerd: tammys
2026-06-13 21:30:04 gepubliceerd: trimsalon-agnes
2026-06-13 21:30:04 gepubliceerd: trimsalon-eindhoven
2026-06-13 21:30:04 gepubliceerd: trimsalon-elite
2026-06-13 21:30:04 gepubliceerd: trimsalon-oss
2026-06-13 21:30:04 gepubliceerd: van-kop-tot-staart
2026-06-13 21:30:04 gepubliceerd: wilma-van-der-meijs
2026-06-13 21:30:04 dashboard gesynchroniseerd
2026-06-13 21:30:04 onboarding gesynchroniseerd
2026-06-13 21:30:04 caddy herladen (e9c1e49ae9bb85fd7e42821a352ef6f9ec2a60c4)
